
> caballesTFM@1.0.0 start /home/caballes/caballesTFM
> npm run flask-server


> caballesTFM@1.0.0 flask-server /home/caballes/caballesTFM
> flask run --host=0.0.0.0 --port=80

 * Serving Flask app "autoapp.py" (lazy loading)
 * Environment: development
 * Debug mode: on
Traceback (most recent call last):
  File "/home/caballes/.local/bin/flask", line 11, in <module>
    sys.exit(main())
  File "/home/caballes/.local/lib/python3.5/site-packages/flask/cli.py", line 894, in main
    cli.main(args=args, prog_name=name)
  File "/home/caballes/.local/lib/python3.5/site-packages/flask/cli.py", line 557, in main
    return super(FlaskGroup, self).main(*args, **kwargs)
  File "/home/caballes/.local/lib/python3.5/site-packages/click/core.py", line 717, in main
    rv = self.invoke(ctx)
  File "/home/caballes/.local/lib/python3.5/site-packages/click/core.py", line 1137, in invoke
    return _process_result(sub_ctx.command.invoke(sub_ctx))
  File "/home/caballes/.local/lib/python3.5/site-packages/click/core.py", line 956, in invoke
    return ctx.invoke(self.callback, **ctx.params)
  File "/home/caballes/.local/lib/python3.5/site-packages/click/core.py", line 555, in invoke
    return callback(*args, **kwargs)
  File "/home/caballes/.local/lib/python3.5/site-packages/click/decorators.py", line 64, in new_func
    return ctx.invoke(f, obj, *args, **kwargs)
  File "/home/caballes/.local/lib/python3.5/site-packages/click/core.py", line 555, in invoke
    return callback(*args, **kwargs)
  File "/home/caballes/.local/lib/python3.5/site-packages/flask/cli.py", line 771, in run_command
    threaded=with_threads, ssl_context=cert)
  File "/home/caballes/.local/lib/python3.5/site-packages/werkzeug/serving.py", line 795, in run_simple
    s.bind(get_sockaddr(hostname, port, address_family))
PermissionError: [Errno 13] Permission denied
npm ERR! code ELIFECYCLE
npm ERR! errno 1
npm ERR! caballesTFM@1.0.0 flask-server: `flask run --host=0.0.0.0 --port=80`
npm ERR! Exit status 1
npm ERR! 
npm ERR! Failed at the caballesTFM@1.0.0 flask-server script.
npm ERR! This is probably not a problem with npm. There is likely additional logging output above.

npm ERR! A complete log of this run can be found in:
npm ERR!     /home/caballes/.npm/_logs/2019-07-30T17_36_25_358Z-debug.log
npm ERR! code ELIFECYCLE
npm ERR! errno 1
npm ERR! caballesTFM@1.0.0 start: `npm run flask-server`
npm ERR! Exit status 1
npm ERR! 
npm ERR! Failed at the caballesTFM@1.0.0 start script.
npm ERR! This is probably not a problem with npm. There is likely additional logging output above.

npm ERR! A complete log of this run can be found in:
npm ERR!     /home/caballes/.npm/_logs/2019-07-30T17_36_25_437Z-debug.log
