Run model para semana 2020-05-18 00:00:00
>>> Running model...
>>> Alertas total: 60
Run model para semana 2020-05-25 00:00:00
>>> Running model...
>>> Alertas total: 49
Run model para semana 2020-06-01 00:00:00
>>> Running model...
>>> Alertas total: 48
Run model para semana 2020-06-08 00:00:00
>>> Running model...
>>> Alertas total: 47
Run model para semana 2020-06-15 00:00:00
>>> Running model...
>>> Alertas total: 32
Run model para semana 2020-06-22 00:00:00
>>> Running model...
>>> Alertas total: 27
Run model para semana 2020-06-29 00:00:00
>>> Running model...
>>> Alertas total: 6
Run model para semana 2020-07-06 00:00:00
>>> Running model...
>>> Alertas total: 6
Run model para semana 2020-07-13 00:00:00
>>> Running model...
>>> Alertas total: 6
Run model para semana 2020-07-20 00:00:00
>>> Running model...
>>> Alertas total: 6
Run model para semana 2020-07-27 00:00:00
>>> Running model...
>>> Alertas total: 3
Run model para semana 2020-08-03 00:00:00
>>> Running model...
>>> Alertas total: 2
Run model para semana 2020-08-10 00:00:00
>>> Running model...
>>> Alertas total: 2
Run model para semana 2020-08-17 00:00:00
>>> Running model...
>>> Alertas total: 2
Run model para semana 2020-08-24 00:00:00
>>> Running model...
>>> Alertas total: 2
Run model para semana 2020-08-31 00:00:00
>>> Running model...
>>> Alertas total: 1
Run model para semana 2020-09-07 00:00:00
>>> Running model...
>>> Alertas total: 1
Run model para semana 2020-09-14 00:00:00
>>> Running model...
>>> Alertas total: 0
Run model para semana 2020-09-21 00:00:00
>>> Running model...
>>> Alertas total: 0
Run model para semana 2020-09-28 00:00:00
>>> Running model...
>>> Alertas total: 28
Run model para semana 2020-10-05 00:00:00
>>> Running model...
>>> Alertas total: 28
Run model para semana 2020-10-12 00:00:00
>>> Running model...
>>> Alertas total: 28
Run model para semana 2020-10-19 00:00:00
>>> Running model...
>>> Alertas total: 28
Run model para semana 2020-10-26 00:00:00
>>> Running model...
>>> Alertas total: 192
Run model para semana 2020-11-02 00:00:00
>>> Running model...
>>> Alertas total: 193
Run model para semana 2020-11-09 00:00:00
>>> Running model...
>>> Alertas total: 288
Run model para semana 2020-11-16 00:00:00
>>> Running model...
>>> Alertas total: 311
Run model para semana 2020-11-23 00:00:00
>>> Running model...
>>> Alertas total: 344
Run model para semana 2020-11-30 00:00:00
>>> Running model...
>>> Alertas total: 351
Run model para semana 2020-12-07 00:00:00
>>> Running model...
>>> Alertas total: 354
Run model para semana 2020-12-14 00:00:00
>>> Running model...
>>> Alertas total: 393
Run model para semana 2020-12-21 00:00:00
>>> Running model...
>>> Alertas total: 395
Run model para semana 2020-12-28 00:00:00
>>> Running model...
>>> Alertas total: 400
Run model para semana 2021-01-04 00:00:00
>>> Running model...
>>> Alertas total: 401
Run model para semana 2021-01-11 00:00:00
>>> Running model...
>>> Alertas total: 402
Run model para semana 2021-01-18 00:00:00
>>> Running model...
>>> Alertas total: 409
Run model para semana 2021-01-25 00:00:00
>>> Running model...
>>> Alertas total: 408
Run model para semana 2021-02-01 00:00:00
>>> Running model...
>>> Alertas total: 411
Run model para semana 2021-02-08 00:00:00
>>> Running model...
>>> Alertas total: 408
Run model para semana 2021-02-15 00:00:00
>>> Running model...
>>> Alertas total: 409
Run model para semana 2021-02-22 00:00:00
>>> Running model...
>>> Alertas total: 404
Run model para semana 2021-03-01 00:00:00
>>> Running model...
>>> Alertas total: 351
Run model para semana 2021-03-08 00:00:00
>>> Running model...
>>> Alertas total: 344
Run model para semana 2021-03-15 00:00:00
>>> Running model...
>>> Alertas total: 351
Run model para semana 2021-03-22 00:00:00
>>> Running model...
>>> Alertas total: 362
Run model para semana 2021-03-29 00:00:00
>>> Running model...
>>> Alertas total: 372
Run model para semana 2021-04-05 00:00:00
>>> Running model...
>>> Alertas total: 364
Run model para semana 2021-04-12 00:00:00
>>> Running model...
>>> Alertas total: 355
Run model para semana 2021-04-19 00:00:00
>>> Running model...
>>> Alertas total: 336
Run model para semana 2021-04-26 00:00:00
>>> Running model...
>>> Alertas total: 327
Run model para semana 2021-05-03 00:00:00
>>> Running model...
>>> Alertas total: 310
Run model para semana 2021-05-10 00:00:00
>>> Running model...
>>> Alertas total: 306
Run model para semana 2021-05-17 00:00:00
>>> Running model...
>>> Alertas total: 308
Guardando antiguos geojson
Generar rutas.geojson
Escribiendo sobre rutas.geojson
